<?xml version="1.0" encoding="UTF-8"?>
<testng-results ignored="0" total="1" passed="1" failed="0" skipped="0">
  <reporter-output>
    <line>
      <![CDATA[No of rows are::10]]>
    </line>
    <line>
      <![CDATA[customer number matching::Customer-00000003245  Customer-00000003245]]>
    </line>
    <line>
      <![CDATA[customer number matching::Customer-00000003246  Customer-00000003246]]>
    </line>
    <line>
      <![CDATA[customer number matching::Customer-00000003247  Customer-00000003247]]>
    </line>
    <line>
      <![CDATA[customer number matching::Customer-00000003248  Customer-00000003248]]>
    </line>
    <line>
      <![CDATA[customer number matching::Customer-00000003249  Customer-00000003249]]>
    </line>
    <line>
      <![CDATA[customer number matching::Customer-00000003250  Customer-00000003250]]>
    </line>
    <line>
      <![CDATA[customer number matching::Customer-00000003251  Customer-00000003251]]>
    </line>
    <line>
      <![CDATA[customer number matching::Customer-00000003252  Customer-00000003252]]>
    </line>
    <line>
      <![CDATA[customer number matching::Customer-00000003253  Customer-00000003253]]>
    </line>
    <line>
      <![CDATA[customer number matching::Customer-00000003254  Customer-00000003254]]>
    </line>
  </reporter-output>
  <suite started-at="2024-03-11T13:18:09 IST" name="Default suite" finished-at="2024-03-11T13:20:37 IST" duration-ms="147549">
    <groups>
    </groups>
    <test started-at="2024-03-11T13:18:09 IST" name="Default test" finished-at="2024-03-11T13:20:37 IST" duration-ms="147549">
      <class name="driverFactory.AppTest">
        <test-method is-config="true" signature="setup()[pri:0, instance:driverFactory.AppTest@48f2bd5b]" started-at="2024-03-11T13:18:10 IST" name="setup" finished-at="2024-03-11T13:18:19 IST" duration-ms="9084" status="PASS">
          <reporter-output>
          </reporter-output>
        </test-method> <!-- setup -->
        <test-method signature="startTest()[pri:0, instance:driverFactory.AppTest@48f2bd5b]" started-at="2024-03-11T13:18:19 IST" name="startTest" finished-at="2024-03-11T13:20:36 IST" duration-ms="137026" status="PASS">
          <reporter-output>
            <line>
              <![CDATA[No of rows are::10]]>
            </line>
            <line>
              <![CDATA[customer number matching::Customer-00000003245  Customer-00000003245]]>
            </line>
            <line>
              <![CDATA[customer number matching::Customer-00000003246  Customer-00000003246]]>
            </line>
            <line>
              <![CDATA[customer number matching::Customer-00000003247  Customer-00000003247]]>
            </line>
            <line>
              <![CDATA[customer number matching::Customer-00000003248  Customer-00000003248]]>
            </line>
            <line>
              <![CDATA[customer number matching::Customer-00000003249  Customer-00000003249]]>
            </line>
            <line>
              <![CDATA[customer number matching::Customer-00000003250  Customer-00000003250]]>
            </line>
            <line>
              <![CDATA[customer number matching::Customer-00000003251  Customer-00000003251]]>
            </line>
            <line>
              <![CDATA[customer number matching::Customer-00000003252  Customer-00000003252]]>
            </line>
            <line>
              <![CDATA[customer number matching::Customer-00000003253  Customer-00000003253]]>
            </line>
            <line>
              <![CDATA[customer number matching::Customer-00000003254  Customer-00000003254]]>
            </line>
          </reporter-output>
        </test-method> <!-- startTest -->
        <test-method is-config="true" signature="tearDown()[pri:0, instance:driverFactory.AppTest@48f2bd5b]" started-at="2024-03-11T13:20:36 IST" name="tearDown" finished-at="2024-03-11T13:20:37 IST" duration-ms="1305" status="PASS">
          <reporter-output>
          </reporter-output>
        </test-method> <!-- tearDown -->
      </class> <!-- driverFactory.AppTest -->
    </test> <!-- Default test -->
  </suite> <!-- Default suite -->
</testng-results>
